<?xml version="1.0" encoding="UTF-8"?>
<!-- Generated by org.testng.reporters.JUnitReportReporter -->
<testsuite hostname="LAPTOP-OPHLAMMQ" failures="0" tests="1" name="modules.ApplyLeave" time="1.293" errors="0" timestamp="2024-01-30T10:06:56 IST" skipped="0">
  <testcase classname="modules.ApplyLeave" name="navigatetoApplyLeaveModule" time="1.293"/>
</testsuite> <!-- modules.ApplyLeave -->
