<?xml version="1.0" encoding="UTF-8"?>
<!-- Generated by org.testng.reporters.JUnitReportReporter -->
<testsuite hostname="LAPTOP-OPHLAMMQ" failures="0" tests="1" name="Base.BaseTest" time="8.308" errors="0" timestamp="2024-01-30T10:31:21 IST" skipped="0">
  <testcase classname="Base.BaseTest" name="loginToApplication" time="8.308"/>
</testsuite> <!-- Base.BaseTest -->
