<?xml version="1.0" encoding="UTF-8"?>
<!-- Generated by org.testng.reporters.JUnitReportReporter -->
<testsuite hostname="LAPTOP-OPHLAMMQ" failures="0" tests="1" name="modules.TimeSheet" time="1.026" errors="0" timestamp="2024-01-30T10:13:17 IST" skipped="0">
  <testcase classname="modules.TimeSheet" name="clickOnTimeSheetModule" time="1.026"/>
</testsuite> <!-- modules.TimeSheet -->
