<?xml version="1.0" encoding="UTF-8"?>
<!-- Generated by org.testng.reporters.JUnitReportReporter -->
<testsuite hostname="LAPTOP-OPHLAMMQ" failures="0" tests="1" name="modules.ApplyLeave" time="0.962" errors="0" timestamp="2024-01-31T13:57:59 IST" skipped="0">
  <testcase classname="modules.ApplyLeave" name="navigatetoApplyLeaveModule" time="0.962"/>
</testsuite> <!-- modules.ApplyLeave -->
